[14-Jun-2016 17:01:49 PRC] PHP Notice:  Undefined property: Alpaca\MVC\Router\Router::$params in C:\lideshun\www\Alpaca-php\Source\application\library\Alpaca\MVC\Router\Router.php on line 76
[14-Jun-2016 17:01:49 PRC] PHP Notice:  Undefined property: Alpaca\MVC\Router\Router::$params in C:\lideshun\www\Alpaca-php\Source\application\library\Alpaca\MVC\Router\Router.php on line 81
[14-Jun-2016 17:03:43 PRC] PHP Notice:  Undefined offset: 1 in C:\lideshun\www\Alpaca-php\Source\application\module\Index\Controller\IndexController.php on line 25
[14-Jun-2016 17:03:49 PRC] PHP Notice:  Array to string conversion in C:\lideshun\www\Alpaca-php\Source\application\module\Index\Controller\IndexController.php on line 25
[15-Jun-2016 09:35:31 PRC] PHP Parse error:  syntax error, unexpected ';', expecting ')' in C:\lideshun\www\Alpaca-php\Source\conf\config.php on line 29
[15-Jun-2016 09:35:31 PRC] PHP Parse error:  syntax error, unexpected ';', expecting ')' in C:\lideshun\www\Alpaca-php\Source\conf\config.php on line 29
[15-Jun-2016 09:35:44 PRC] PHP Notice:  Undefined variable: sm in C:\lideshun\www\Alpaca-php\Source\application\Bootstrap.php on line 54
[15-Jun-2016 09:35:44 PRC] PHP Fatal error:  Call to a member function get() on null in C:\lideshun\www\Alpaca-php\Source\application\Bootstrap.php on line 54
[15-Jun-2016 09:35:44 PRC] PHP Notice:  Undefined variable: sm in C:\lideshun\www\Alpaca-php\Source\application\Bootstrap.php on line 54
[15-Jun-2016 09:35:44 PRC] PHP Fatal error:  Call to a member function get() on null in C:\lideshun\www\Alpaca-php\Source\application\Bootstrap.php on line 54
[15-Jun-2016 09:36:23 PRC] PHP Notice:  Undefined variable: config in C:\lideshun\www\Alpaca-php\Source\application\Bootstrap.php on line 63
[15-Jun-2016 09:36:23 PRC] PHP Catchable fatal error:  Argument 1 passed to Illuminate\Database\Capsule\Manager::addConnection() must be of the type array, null given, called in C:\lideshun\www\Alpaca-php\Source\application\Bootstrap.php on line 63 and defined in C:\lideshun\www\Alpaca-php\Source\application\library\vendor\illuminate\database\Illuminate\Database\Capsule\Manager.php on line 117
[15-Jun-2016 09:36:23 PRC] PHP Notice:  Undefined variable: config in C:\lideshun\www\Alpaca-php\Source\application\Bootstrap.php on line 63
[15-Jun-2016 09:36:23 PRC] PHP Catchable fatal error:  Argument 1 passed to Illuminate\Database\Capsule\Manager::addConnection() must be of the type array, null given, called in C:\lideshun\www\Alpaca-php\Source\application\Bootstrap.php on line 63 and defined in C:\lideshun\www\Alpaca-php\Source\application\library\vendor\illuminate\database\Illuminate\Database\Capsule\Manager.php on line 117
[15-Jun-2016 09:37:35 PRC] PHP Catchable fatal error:  Argument 1 passed to Illuminate\Database\Capsule\Manager::addConnection() must be of the type array, null given, called in C:\lideshun\www\Alpaca-php\Source\application\Bootstrap.php on line 59 and defined in C:\lideshun\www\Alpaca-php\Source\application\library\vendor\illuminate\database\Illuminate\Database\Capsule\Manager.php on line 117
[15-Jun-2016 09:37:35 PRC] PHP Catchable fatal error:  Argument 1 passed to Illuminate\Database\Capsule\Manager::addConnection() must be of the type array, null given, called in C:\lideshun\www\Alpaca-php\Source\application\Bootstrap.php on line 59 and defined in C:\lideshun\www\Alpaca-php\Source\application\library\vendor\illuminate\database\Illuminate\Database\Capsule\Manager.php on line 117
[15-Jun-2016 09:39:05 PRC] PHP Notice:  Undefined index: database in C:\lideshun\www\Alpaca-php\Source\application\Bootstrap.php on line 64
[15-Jun-2016 09:39:05 PRC] PHP Catchable fatal error:  Argument 1 passed to Illuminate\Database\Capsule\Manager::addConnection() must be of the type array, null given, called in C:\lideshun\www\Alpaca-php\Source\application\Bootstrap.php on line 64 and defined in C:\lideshun\www\Alpaca-php\Source\application\library\vendor\illuminate\database\Illuminate\Database\Capsule\Manager.php on line 117
[15-Jun-2016 09:39:05 PRC] PHP Notice:  Undefined index: database in C:\lideshun\www\Alpaca-php\Source\application\Bootstrap.php on line 64
[15-Jun-2016 09:39:05 PRC] PHP Catchable fatal error:  Argument 1 passed to Illuminate\Database\Capsule\Manager::addConnection() must be of the type array, null given, called in C:\lideshun\www\Alpaca-php\Source\application\Bootstrap.php on line 64 and defined in C:\lideshun\www\Alpaca-php\Source\application\library\vendor\illuminate\database\Illuminate\Database\Capsule\Manager.php on line 117
[15-Jun-2016 09:43:33 PRC] PHP Notice:  Undefined index: database in C:\lideshun\www\Alpaca-php\Source\application\Bootstrap.php on line 67
[15-Jun-2016 09:43:33 PRC] PHP Catchable fatal error:  Argument 1 passed to Illuminate\Database\Capsule\Manager::addConnection() must be of the type array, null given, called in C:\lideshun\www\Alpaca-php\Source\application\Bootstrap.php on line 67 and defined in C:\lideshun\www\Alpaca-php\Source\application\library\vendor\illuminate\database\Illuminate\Database\Capsule\Manager.php on line 117
[15-Jun-2016 09:43:33 PRC] PHP Notice:  Undefined index: database in C:\lideshun\www\Alpaca-php\Source\application\Bootstrap.php on line 67
[15-Jun-2016 09:43:33 PRC] PHP Catchable fatal error:  Argument 1 passed to Illuminate\Database\Capsule\Manager::addConnection() must be of the type array, null given, called in C:\lideshun\www\Alpaca-php\Source\application\Bootstrap.php on line 67 and defined in C:\lideshun\www\Alpaca-php\Source\application\library\vendor\illuminate\database\Illuminate\Database\Capsule\Manager.php on line 117
[15-Jun-2016 09:44:55 PRC] PHP Notice:  Undefined variable: CONFIG in C:\lideshun\www\Alpaca-php\Source\application\Bootstrap.php on line 54
[15-Jun-2016 09:44:55 PRC] PHP Notice:  Undefined variable: CONFIG in C:\lideshun\www\Alpaca-php\Source\application\Bootstrap.php on line 54
[15-Jun-2016 09:45:01 PRC] PHP Notice:  Use of undefined constant CONFIG - assumed 'CONFIG' in C:\lideshun\www\Alpaca-php\Source\application\Bootstrap.php on line 54
[15-Jun-2016 09:45:01 PRC] PHP Notice:  Use of undefined constant CONFIG - assumed 'CONFIG' in C:\lideshun\www\Alpaca-php\Source\application\Bootstrap.php on line 54
[15-Jun-2016 09:45:22 PRC] PHP Parse error:  syntax error, unexpected 'global' (T_GLOBAL) in C:\lideshun\www\Alpaca-php\Source\application\Bootstrap.php on line 54
[15-Jun-2016 09:45:22 PRC] PHP Parse error:  syntax error, unexpected 'global' (T_GLOBAL) in C:\lideshun\www\Alpaca-php\Source\application\Bootstrap.php on line 54
[15-Jun-2016 11:15:21 PRC] PHP Warning:  require_once(module/Test/Module.php): failed to open stream: No such file or directory in C:\lideshun\www\Alpaca-php\Source\application\init_autoloader.php on line 20
[15-Jun-2016 11:15:21 PRC] PHP Fatal error:  require_once(): Failed opening required 'module/Test/Module.php' (include_path='.;C:\php\pear') in C:\lideshun\www\Alpaca-php\Source\application\init_autoloader.php on line 20
[15-Jun-2016 11:15:21 PRC] PHP Warning:  require_once(module/Test/Module.php): failed to open stream: No such file or directory in C:\lideshun\www\Alpaca-php\Source\application\init_autoloader.php on line 20
[15-Jun-2016 11:15:21 PRC] PHP Fatal error:  require_once(): Failed opening required 'module/Test/Module.php' (include_path='.;C:\php\pear') in C:\lideshun\www\Alpaca-php\Source\application\init_autoloader.php on line 20
[15-Jun-2016 11:16:17 PRC] PHP Warning:  require_once(module/Test/Module.php): failed to open stream: No such file or directory in C:\lideshun\www\Alpaca-php\Source\application\init_autoloader.php on line 23
[15-Jun-2016 11:16:17 PRC] PHP Fatal error:  require_once(): Failed opening required 'module/Test/Module.php' (include_path='.;C:\php\pear') in C:\lideshun\www\Alpaca-php\Source\application\init_autoloader.php on line 23
[15-Jun-2016 11:16:17 PRC] PHP Warning:  require_once(module/Test/Module.php): failed to open stream: No such file or directory in C:\lideshun\www\Alpaca-php\Source\application\init_autoloader.php on line 23
[15-Jun-2016 11:16:17 PRC] PHP Fatal error:  require_once(): Failed opening required 'module/Test/Module.php' (include_path='.;C:\php\pear') in C:\lideshun\www\Alpaca-php\Source\application\init_autoloader.php on line 23
[15-Jun-2016 11:17:44 PRC] PHP Warning:  require_once(module/Test/Module.php): failed to open stream: No such file or directory in C:\lideshun\www\Alpaca-php\Source\application\init_autoloader.php on line 23
[15-Jun-2016 11:17:44 PRC] PHP Fatal error:  require_once(): Failed opening required 'module/Test/Module.php' (include_path='.;C:\php\pear') in C:\lideshun\www\Alpaca-php\Source\application\init_autoloader.php on line 23
[15-Jun-2016 11:17:44 PRC] PHP Warning:  require_once(module/Test/Module.php): failed to open stream: No such file or directory in C:\lideshun\www\Alpaca-php\Source\application\init_autoloader.php on line 23
[15-Jun-2016 11:17:44 PRC] PHP Fatal error:  require_once(): Failed opening required 'module/Test/Module.php' (include_path='.;C:\php\pear') in C:\lideshun\www\Alpaca-php\Source\application\init_autoloader.php on line 23
[15-Jun-2016 11:19:53 PRC] PHP Notice:  Undefined variable: data in C:\lideshun\www\Alpaca-php\Source\application\module\Index\Controller\passportController.php on line 21
[15-Jun-2016 11:45:55 PRC] PHP Fatal error:  Uncaught exception 'PDOException' with message 'SQLSTATE[42S02]: Base table or view not found: 1146 Table 'demo.tb_user' doesn't exist' in C:\lideshun\www\Alpaca-php\Source\application\library\vendor\illuminate\database\Illuminate\Database\Connection.php:299
Stack trace:
#0 C:\lideshun\www\Alpaca-php\Source\application\library\vendor\illuminate\database\Illuminate\Database\Connection.php(299): PDO->prepare('select * from `...')
#1 C:\lideshun\www\Alpaca-php\Source\application\library\vendor\illuminate\database\Illuminate\Database\Connection.php(617): Illuminate\Database\Connection->Illuminate\Database\{closure}(Object(Illuminate\Database\MySqlConnection), 'select * from `...', Array)
#2 C:\lideshun\www\Alpaca-php\Source\application\library\vendor\illuminate\database\Illuminate\Database\Connection.php(581): Illuminate\Database\Connection->runQueryCallback('select * from `...', Array, Object(Closure))
#3 C:\lideshun\www\Alpaca-php\Source\application\library\vendor\illuminate\database\Illuminate\Database\Connect in C:\lideshun\www\Alpaca-php\Source\application\library\vendor\illuminate\database\Illuminate\Database\Connection.php on line 625
